2014/08/11 16:59:22 [error] [php] date(): It is not safe to rely on the system's timezone settings. You are *required* to use the date.timezone setting or the date_default_timezone_set() function. In case you used any of those methods and you are still getting this warning, you most likely misspelled the timezone identifier. We selected the timezone 'UTC' for now, but please set date.timezone to select your timezone. (/var/www/html/yii_test/protected/views/layouts/main.php:51)
Stack trace:
#0 /var/www/html/yii_test/framework/web/CBaseController.php(95): SiteController->renderInternal()
#1 /var/www/html/yii_test/framework/web/widgets/CContentDecorator.php(76): SiteController->renderFile()
#2 /var/www/html/yii_test/framework/web/widgets/CContentDecorator.php(54): CContentDecorator->decorate()
#3 /var/www/html/yii_test/framework/web/widgets/COutputProcessor.php(44): CContentDecorator->processOutput()
#4 /var/www/html/yii_test/framework/web/CBaseController.php(206): CContentDecorator->run()
#5 /var/www/html/yii_test/framework/web/CBaseController.php(300): SiteController->endWidget()
#6 /var/www/html/yii_test/protected/views/layouts/column1.php(6): SiteController->endContent()
#7 /var/www/html/yii_test/framework/web/CBaseController.php(126): require()
#8 /var/www/html/yii_test/framework/web/CBaseController.php(95): SiteController->renderInternal()
#9 /var/www/html/yii_test/framework/web/CController.php(784): SiteController->renderFile()
#10 /var/www/html/yii_test/protected/controllers/SiteController.php(32): SiteController->render()
#11 /var/www/html/yii_test/framework/web/actions/CInlineAction.php(49): SiteController->actionIndex()
#12 /var/www/html/yii_test/framework/web/CController.php(308): CInlineAction->runWithParams()
#13 /var/www/html/yii_test/framework/web/CController.php(286): SiteController->runAction()
#14 /var/www/html/yii_test/framework/web/CController.php(265): SiteController->runActionWithFilters()
#15 /var/www/html/yii_test/framework/web/CWebApplication.php(282): SiteController->run()
#16 /var/www/html/yii_test/framework/web/CWebApplication.php(141): CWebApplication->runController()
#17 /var/www/html/yii_test/framework/base/CApplication.php(180): CWebApplication->processRequest()
#18 /var/www/html/yii_test/index.php(13): CWebApplication->run()
REQUEST_URI=/yii_test/
in /var/www/html/yii_test/protected/views/layouts/main.php (51)
in /var/www/html/yii_test/protected/views/layouts/column1.php (6)
in /var/www/html/yii_test/protected/controllers/SiteController.php (32)
2014/08/11 16:59:33 [error] [php] date(): It is not safe to rely on the system's timezone settings. You are *required* to use the date.timezone setting or the date_default_timezone_set() function. In case you used any of those methods and you are still getting this warning, you most likely misspelled the timezone identifier. We selected the timezone 'UTC' for now, but please set date.timezone to select your timezone. (/var/www/html/yii_test/protected/views/layouts/main.php:51)
Stack trace:
#0 /var/www/html/yii_test/framework/web/CBaseController.php(95): SiteController->renderInternal()
#1 /var/www/html/yii_test/framework/web/widgets/CContentDecorator.php(76): SiteController->renderFile()
#2 /var/www/html/yii_test/framework/web/widgets/CContentDecorator.php(54): CContentDecorator->decorate()
#3 /var/www/html/yii_test/framework/web/widgets/COutputProcessor.php(44): CContentDecorator->processOutput()
#4 /var/www/html/yii_test/framework/web/CBaseController.php(206): CContentDecorator->run()
#5 /var/www/html/yii_test/framework/web/CBaseController.php(300): SiteController->endWidget()
#6 /var/www/html/yii_test/protected/views/layouts/column1.php(6): SiteController->endContent()
#7 /var/www/html/yii_test/framework/web/CBaseController.php(126): require()
#8 /var/www/html/yii_test/framework/web/CBaseController.php(95): SiteController->renderInternal()
#9 /var/www/html/yii_test/framework/web/CController.php(784): SiteController->renderFile()
#10 /var/www/html/yii_test/protected/controllers/SiteController.php(32): SiteController->render()
#11 /var/www/html/yii_test/framework/web/actions/CInlineAction.php(49): SiteController->actionIndex()
#12 /var/www/html/yii_test/framework/web/CController.php(308): CInlineAction->runWithParams()
#13 /var/www/html/yii_test/framework/web/CController.php(286): SiteController->runAction()
#14 /var/www/html/yii_test/framework/web/CController.php(265): SiteController->runActionWithFilters()
#15 /var/www/html/yii_test/framework/web/CWebApplication.php(282): SiteController->run()
#16 /var/www/html/yii_test/framework/web/CWebApplication.php(141): CWebApplication->runController()
#17 /var/www/html/yii_test/framework/base/CApplication.php(180): CWebApplication->processRequest()
#18 /var/www/html/yii_test/index.php(13): CWebApplication->run()
REQUEST_URI=/yii_test/
in /var/www/html/yii_test/protected/views/layouts/main.php (51)
in /var/www/html/yii_test/protected/views/layouts/column1.php (6)
in /var/www/html/yii_test/protected/controllers/SiteController.php (32)
2014/08/13 14:46:56 [error] [php] date(): It is not safe to rely on the system's timezone settings. You are *required* to use the date.timezone setting or the date_default_timezone_set() function. In case you used any of those methods and you are still getting this warning, you most likely misspelled the timezone identifier. We selected the timezone 'UTC' for now, but please set date.timezone to select your timezone. (/var/www/html/yii_test/protected/views/layouts/main.php:51)
Stack trace:
#0 /var/www/html/yii_test/framework/web/CBaseController.php(95): SiteController->renderInternal()
#1 /var/www/html/yii_test/framework/web/widgets/CContentDecorator.php(76): SiteController->renderFile()
#2 /var/www/html/yii_test/framework/web/widgets/CContentDecorator.php(54): CContentDecorator->decorate()
#3 /var/www/html/yii_test/framework/web/widgets/COutputProcessor.php(44): CContentDecorator->processOutput()
#4 /var/www/html/yii_test/framework/web/CBaseController.php(206): CContentDecorator->run()
#5 /var/www/html/yii_test/framework/web/CBaseController.php(300): SiteController->endWidget()
#6 /var/www/html/yii_test/protected/views/layouts/column1.php(6): SiteController->endContent()
#7 /var/www/html/yii_test/framework/web/CBaseController.php(126): require()
#8 /var/www/html/yii_test/framework/web/CBaseController.php(95): SiteController->renderInternal()
#9 /var/www/html/yii_test/framework/web/CController.php(784): SiteController->renderFile()
#10 /var/www/html/yii_test/protected/controllers/SiteController.php(32): SiteController->render()
#11 /var/www/html/yii_test/framework/web/actions/CInlineAction.php(49): SiteController->actionIndex()
#12 /var/www/html/yii_test/framework/web/CController.php(308): CInlineAction->runWithParams()
#13 /var/www/html/yii_test/framework/web/CController.php(286): SiteController->runAction()
#14 /var/www/html/yii_test/framework/web/CController.php(265): SiteController->runActionWithFilters()
#15 /var/www/html/yii_test/framework/web/CWebApplication.php(282): SiteController->run()
#16 /var/www/html/yii_test/framework/web/CWebApplication.php(141): CWebApplication->runController()
#17 /var/www/html/yii_test/framework/base/CApplication.php(180): CWebApplication->processRequest()
#18 /var/www/html/yii_test/index.php(13): CWebApplication->run()
REQUEST_URI=/
in /var/www/html/yii_test/protected/views/layouts/main.php (51)
in /var/www/html/yii_test/protected/views/layouts/column1.php (6)
in /var/www/html/yii_test/protected/controllers/SiteController.php (32)
2014/08/24 13:58:56 [error] [exception.CDbException] exception 'CDbException' with message 'CDbConnection failed to open the DB connection: SQLSTATE[HY000] [1049] Unknown database 'testdrive'' in /var/www/html/yii_test/framework/db/CDbConnection.php:382
Stack trace:
#0 /var/www/html/yii_test/framework/db/CDbConnection.php(330): CDbConnection->open()
#1 /var/www/html/yii_test/framework/db/CDbConnection.php(308): CDbConnection->setActive(true)
#2 /var/www/html/yii_test/framework/base/CModule.php(387): CDbConnection->init()
#3 /var/www/html/yii_test/framework/base/CModule.php(103): CModule->getComponent('db')
#4 /var/www/html/yii_test/framework/gii/generators/crud/CrudCode.php(44): CModule->__get('db')
#5 /var/www/html/yii_test/framework/web/CFormModel.php(39): CrudCode->init()
#6 /var/www/html/yii_test/framework/gii/CCodeGenerator.php(153): CFormModel->__construct()
#7 /var/www/html/yii_test/framework/gii/CCodeGenerator.php(63): CCodeGenerator->prepare()
#8 /var/www/html/yii_test/framework/web/actions/CInlineAction.php(49): CCodeGenerator->actionIndex()
#9 /var/www/html/yii_test/framework/web/CController.php(308): CInlineAction->runWithParams(Array)
#10 /var/www/html/yii_test/framework/web/CController.php(286): CController->runAction(Object(CInlineAction))
#11 /var/www/html/yii_test/framework/web/CController.php(265): CController->runActionWithFilters(Object(CInlineAction), Array)
#12 /var/www/html/yii_test/framework/web/CWebApplication.php(282): CController->run('index')
#13 /var/www/html/yii_test/framework/web/CWebApplication.php(141): CWebApplication->runController('gii/crud/index')
#14 /var/www/html/yii_test/framework/base/CApplication.php(180): CWebApplication->processRequest()
#15 /var/www/html/yii_test/index.php(13): CApplication->run()
#16 {main}
REQUEST_URI=/index.php/gii/crud/index
HTTP_REFERER=http://yii_test/index.php/gii/default/index
---
2014/08/24 14:02:51 [error] [system.db.CDbCommand] CDbCommand::fetchAll() failed: SQLSTATE[42S02]: Base table or view not found: 1146 Table 'yii_test.book' doesn't exist. The SQL statement executed was: SHOW FULL COLUMNS FROM `book`.
in /var/www/html/yii_test/index.php (13)
2014/08/24 14:14:19 [error] [exception.CHttpException.404] exception 'CHttpException' with message 'Unable to resolve the request "books/create".' in /var/www/html/yii_test/framework/web/CWebApplication.php:286
Stack trace:
#0 /var/www/html/yii_test/framework/web/CWebApplication.php(141): CWebApplication->runController('books/create')
#1 /var/www/html/yii_test/framework/base/CApplication.php(180): CWebApplication->processRequest()
#2 /var/www/html/yii_test/index.php(13): CApplication->run()
#3 {main}
REQUEST_URI=/index.php/books/create
---
2014/08/24 16:58:51 [error] [php] Trying to get property of non-object (/var/www/html/yii_test/protected/controllers/ReaderController.php:74)
Stack trace:
#0 /var/www/html/yii_test/framework/web/filters/CFilterChain.php(133): ReaderController->runAction()
#1 /var/www/html/yii_test/framework/web/filters/CFilter.php(40): CFilterChain->run()
#2 /var/www/html/yii_test/framework/web/CController.php(1145): CAccessControlFilter->filter()
#3 /var/www/html/yii_test/framework/web/filters/CInlineFilter.php(58): ReaderController->filterAccessControl()
#4 /var/www/html/yii_test/framework/web/filters/CFilterChain.php(130): CInlineFilter->filter()
#5 /var/www/html/yii_test/framework/web/CController.php(291): CFilterChain->run()
#6 /var/www/html/yii_test/framework/web/CController.php(265): ReaderController->runActionWithFilters()
#7 /var/www/html/yii_test/framework/web/CWebApplication.php(282): ReaderController->run()
#8 /var/www/html/yii_test/framework/web/CWebApplication.php(141): CWebApplication->runController()
#9 /var/www/html/yii_test/framework/base/CApplication.php(180): CWebApplication->processRequest()
#10 /var/www/html/yii_test/index.php(13): CWebApplication->run()
REQUEST_URI=/index.php/reader/create
in /var/www/html/yii_test/protected/controllers/ReaderController.php (74)
in /var/www/html/yii_test/index.php (13)
